Performing C++ SOURCE FILE Test COMPILER_SUPPORT_Wshorten64to32 failed with the following output:
Change Dir: /cygdrive/c/Users/jonat/OneDrive/Documents/CMEA/project2_handout/2d-FD-porous/build/Eigen-prefix/src/Eigen-build/CMakeFiles/CMakeTmp

Run Build Command(s):/usr/bin/make.exe -f Makefile cmTC_8d10c/fast && make[3]: Entering directory '/cygdrive/c/Users/jonat/OneDrive/Documents/CMEA/project2_handout/2d-FD-porous/build/Eigen-prefix/src/Eigen-build/CMakeFiles/CMakeTmp'
/usr/bin/make  -f CMakeFiles/cmTC_8d10c.dir/build.make CMakeFiles/cmTC_8d10c.dir/build
make[4]: Entering directory '/cygdrive/c/Users/jonat/OneDrive/Documents/CMEA/project2_handout/2d-FD-porous/build/Eigen-prefix/src/Eigen-build/CMakeFiles/CMakeTmp'
Building CXX object CMakeFiles/cmTC_8d10c.dir/src.cxx.o
/usr/bin/c++.exe -DCOMPILER_SUPPORT_Wshorten64to32  -std=c++03 -pedantic -Wall -Wextra -Wundef -Wcast-align -Wchar-subscripts -Wnon-virtual-dtor -Wunused-local-typedefs -Wpointer-arith -Wwrite-strings -Wformat-security -Werror   -Wshorten-64-to-32 -o CMakeFiles/cmTC_8d10c.dir/src.cxx.o -c /cygdrive/c/Users/jonat/OneDrive/Documents/CMEA/project2_handout/2d-FD-porous/build/Eigen-prefix/src/Eigen-build/CMakeFiles/CMakeTmp/src.cxx
c++: error: unrecognized command-line option '-Wshorten-64-to-32'
make[4]: *** [CMakeFiles/cmTC_8d10c.dir/build.make:78: CMakeFiles/cmTC_8d10c.dir/src.cxx.o] Error 1
make[4]: Leaving directory '/cygdrive/c/Users/jonat/OneDrive/Documents/CMEA/project2_handout/2d-FD-porous/build/Eigen-prefix/src/Eigen-build/CMakeFiles/CMakeTmp'
make[3]: *** [Makefile:127: cmTC_8d10c/fast] Error 2
make[3]: Leaving directory '/cygdrive/c/Users/jonat/OneDrive/Documents/CMEA/project2_handout/2d-FD-porous/build/Eigen-prefix/src/Eigen-build/CMakeFiles/CMakeTmp'


Source file was:
int main() { return 0; }
Performing C++ SOURCE FILE Test COMPILER_SUPPORT_Wcpp11extensions failed with the following output:
Change Dir: /cygdrive/c/Users/jonat/OneDrive/Documents/CMEA/project2_handout/2d-FD-porous/build/Eigen-prefix/src/Eigen-build/CMakeFiles/CMakeTmp

Run Build Command(s):/usr/bin/make.exe -f Makefile cmTC_b5bf6/fast && make[3]: Entering directory '/cygdrive/c/Users/jonat/OneDrive/Documents/CMEA/project2_handout/2d-FD-porous/build/Eigen-prefix/src/Eigen-build/CMakeFiles/CMakeTmp'
/usr/bin/make  -f CMakeFiles/cmTC_b5bf6.dir/build.make CMakeFiles/cmTC_b5bf6.dir/build
make[4]: Entering directory '/cygdrive/c/Users/jonat/OneDrive/Documents/CMEA/project2_handout/2d-FD-porous/build/Eigen-prefix/src/Eigen-build/CMakeFiles/CMakeTmp'
Building CXX object CMakeFiles/cmTC_b5bf6.dir/src.cxx.o
/usr/bin/c++.exe -DCOMPILER_SUPPORT_Wcpp11extensions  -std=c++03 -pedantic -Wall -Wextra -Wundef -Wcast-align -Wchar-subscripts -Wnon-virtual-dtor -Wunused-local-typedefs -Wpointer-arith -Wwrite-strings -Wformat-security -Wlogical-op -Wenum-conversion -Werror   -Wc++11-extensions -o CMakeFiles/cmTC_b5bf6.dir/src.cxx.o -c /cygdrive/c/Users/jonat/OneDrive/Documents/CMEA/project2_handout/2d-FD-porous/build/Eigen-prefix/src/Eigen-build/CMakeFiles/CMakeTmp/src.cxx
c++: error: unrecognized command-line option '-Wc++11-extensions'; did you mean '-fms-extensions'?
make[4]: *** [CMakeFiles/cmTC_b5bf6.dir/build.make:78: CMakeFiles/cmTC_b5bf6.dir/src.cxx.o] Error 1
make[4]: Leaving directory '/cygdrive/c/Users/jonat/OneDrive/Documents/CMEA/project2_handout/2d-FD-porous/build/Eigen-prefix/src/Eigen-build/CMakeFiles/CMakeTmp'
make[3]: *** [Makefile:127: cmTC_b5bf6/fast] Error 2
make[3]: Leaving directory '/cygdrive/c/Users/jonat/OneDrive/Documents/CMEA/project2_handout/2d-FD-porous/build/Eigen-prefix/src/Eigen-build/CMakeFiles/CMakeTmp'


Source file was:
int main() { return 0; }
Performing C++ SOURCE FILE Test COMPILER_SUPPORT_wd981 failed with the following output:
Change Dir: /cygdrive/c/Users/jonat/OneDrive/Documents/CMEA/project2_handout/2d-FD-porous/build/Eigen-prefix/src/Eigen-build/CMakeFiles/CMakeTmp

Run Build Command(s):/usr/bin/make.exe -f Makefile cmTC_9ef0f/fast && make[3]: Entering directory '/cygdrive/c/Users/jonat/OneDrive/Documents/CMEA/project2_handout/2d-FD-porous/build/Eigen-prefix/src/Eigen-build/CMakeFiles/CMakeTmp'
/usr/bin/make  -f CMakeFiles/cmTC_9ef0f.dir/build.make CMakeFiles/cmTC_9ef0f.dir/build
make[4]: Entering directory '/cygdrive/c/Users/jonat/OneDrive/Documents/CMEA/project2_handout/2d-FD-porous/build/Eigen-prefix/src/Eigen-build/CMakeFiles/CMakeTmp'
Building CXX object CMakeFiles/cmTC_9ef0f.dir/src.cxx.o
/usr/bin/c++.exe -DCOMPILER_SUPPORT_wd981  -std=c++03 -pedantic -Wall -Wextra -Wundef -Wcast-align -Wchar-subscripts -Wnon-virtual-dtor -Wunused-local-typedefs -Wpointer-arith -Wwrite-strings -Wformat-security -Wlogical-op -Wenum-conversion -Wdouble-promotion -Wno-psabi -Wno-variadic-macros -Wno-long-long -fno-check-new -fno-common -fstrict-aliasing -Werror   -wd981 -o CMakeFiles/cmTC_9ef0f.dir/src.cxx.o -c /cygdrive/c/Users/jonat/OneDrive/Documents/CMEA/project2_handout/2d-FD-porous/build/Eigen-prefix/src/Eigen-build/CMakeFiles/CMakeTmp/src.cxx
c++: error: unrecognized command-line option '-wd981'
make[4]: *** [CMakeFiles/cmTC_9ef0f.dir/build.make:78: CMakeFiles/cmTC_9ef0f.dir/src.cxx.o] Error 1
make[4]: Leaving directory '/cygdrive/c/Users/jonat/OneDrive/Documents/CMEA/project2_handout/2d-FD-porous/build/Eigen-prefix/src/Eigen-build/CMakeFiles/CMakeTmp'
make[3]: *** [Makefile:127: cmTC_9ef0f/fast] Error 2
make[3]: Leaving directory '/cygdrive/c/Users/jonat/OneDrive/Documents/CMEA/project2_handout/2d-FD-porous/build/Eigen-prefix/src/Eigen-build/CMakeFiles/CMakeTmp'


Source file was:
int main() { return 0; }
Performing C++ SOURCE FILE Test COMPILER_SUPPORT_wd2304 failed with the following output:
Change Dir: /cygdrive/c/Users/jonat/OneDrive/Documents/CMEA/project2_handout/2d-FD-porous/build/Eigen-prefix/src/Eigen-build/CMakeFiles/CMakeTmp

Run Build Command(s):/usr/bin/make.exe -f Makefile cmTC_e7c75/fast && make[3]: Entering directory '/cygdrive/c/Users/jonat/OneDrive/Documents/CMEA/project2_handout/2d-FD-porous/build/Eigen-prefix/src/Eigen-build/CMakeFiles/CMakeTmp'
/usr/bin/make  -f CMakeFiles/cmTC_e7c75.dir/build.make CMakeFiles/cmTC_e7c75.dir/build
make[4]: Entering directory '/cygdrive/c/Users/jonat/OneDrive/Documents/CMEA/project2_handout/2d-FD-porous/build/Eigen-prefix/src/Eigen-build/CMakeFiles/CMakeTmp'
Building CXX object CMakeFiles/cmTC_e7c75.dir/src.cxx.o
/usr/bin/c++.exe -DCOMPILER_SUPPORT_wd2304  -std=c++03 -pedantic -Wall -Wextra -Wundef -Wcast-align -Wchar-subscripts -Wnon-virtual-dtor -Wunused-local-typedefs -Wpointer-arith -Wwrite-strings -Wformat-security -Wlogical-op -Wenum-conversion -Wdouble-promotion -Wno-psabi -Wno-variadic-macros -Wno-long-long -fno-check-new -fno-common -fstrict-aliasing -Werror   -wd2304 -o CMakeFiles/cmTC_e7c75.dir/src.cxx.o -c /cygdrive/c/Users/jonat/OneDrive/Documents/CMEA/project2_handout/2d-FD-porous/build/Eigen-prefix/src/Eigen-build/CMakeFiles/CMakeTmp/src.cxx
c++: error: unrecognized command-line option '-wd2304'
make[4]: *** [CMakeFiles/cmTC_e7c75.dir/build.make:78: CMakeFiles/cmTC_e7c75.dir/src.cxx.o] Error 1
make[4]: Leaving directory '/cygdrive/c/Users/jonat/OneDrive/Documents/CMEA/project2_handout/2d-FD-porous/build/Eigen-prefix/src/Eigen-build/CMakeFiles/CMakeTmp'
make[3]: *** [Makefile:127: cmTC_e7c75/fast] Error 2
make[3]: Leaving directory '/cygdrive/c/Users/jonat/OneDrive/Documents/CMEA/project2_handout/2d-FD-porous/build/Eigen-prefix/src/Eigen-build/CMakeFiles/CMakeTmp'


Source file was:
int main() { return 0; }
Performing C++ SOURCE FILE Test COMPILER_SUPPORT_STRICTANSI failed with the following output:
Change Dir: /cygdrive/c/Users/jonat/OneDrive/Documents/CMEA/project2_handout/2d-FD-porous/build/Eigen-prefix/src/Eigen-build/CMakeFiles/CMakeTmp

Run Build Command(s):/usr/bin/make.exe -f Makefile cmTC_91028/fast && make[3]: Entering directory '/cygdrive/c/Users/jonat/OneDrive/Documents/CMEA/project2_handout/2d-FD-porous/build/Eigen-prefix/src/Eigen-build/CMakeFiles/CMakeTmp'
/usr/bin/make  -f CMakeFiles/cmTC_91028.dir/build.make CMakeFiles/cmTC_91028.dir/build
make[4]: Entering directory '/cygdrive/c/Users/jonat/OneDrive/Documents/CMEA/project2_handout/2d-FD-porous/build/Eigen-prefix/src/Eigen-build/CMakeFiles/CMakeTmp'
Building CXX object CMakeFiles/cmTC_91028.dir/src.cxx.o
/usr/bin/c++.exe -DCOMPILER_SUPPORT_STRICTANSI  -std=c++03 -pedantic -Wall -Wextra -Wundef -Wcast-align -Wchar-subscripts -Wnon-virtual-dtor -Wunused-local-typedefs -Wpointer-arith -Wwrite-strings -Wformat-security -Wlogical-op -Wenum-conversion -Wdouble-promotion -Wno-psabi -Wno-variadic-macros -Wno-long-long -fno-check-new -fno-common -fstrict-aliasing -Werror   -strict-ansi -o CMakeFiles/cmTC_91028.dir/src.cxx.o -c /cygdrive/c/Users/jonat/OneDrive/Documents/CMEA/project2_handout/2d-FD-porous/build/Eigen-prefix/src/Eigen-build/CMakeFiles/CMakeTmp/src.cxx
c++: error: unrecognized command-line option '-strict-ansi'; did you mean '-fstrict-enums'?
make[4]: *** [CMakeFiles/cmTC_91028.dir/build.make:78: CMakeFiles/cmTC_91028.dir/src.cxx.o] Error 1
make[4]: Leaving directory '/cygdrive/c/Users/jonat/OneDrive/Documents/CMEA/project2_handout/2d-FD-porous/build/Eigen-prefix/src/Eigen-build/CMakeFiles/CMakeTmp'
make[3]: *** [Makefile:127: cmTC_91028/fast] Error 2
make[3]: Leaving directory '/cygdrive/c/Users/jonat/OneDrive/Documents/CMEA/project2_handout/2d-FD-porous/build/Eigen-prefix/src/Eigen-build/CMakeFiles/CMakeTmp'


Source file was:
int main() { return 0; }
Performing C++ SOURCE FILE Test COMPILER_SUPPORT_Qunusedarguments failed with the following output:
Change Dir: /cygdrive/c/Users/jonat/OneDrive/Documents/CMEA/project2_handout/2d-FD-porous/build/Eigen-prefix/src/Eigen-build/CMakeFiles/CMakeTmp

Run Build Command(s):/usr/bin/make.exe -f Makefile cmTC_769ed/fast && make[3]: Entering directory '/cygdrive/c/Users/jonat/OneDrive/Documents/CMEA/project2_handout/2d-FD-porous/build/Eigen-prefix/src/Eigen-build/CMakeFiles/CMakeTmp'
/usr/bin/make  -f CMakeFiles/cmTC_769ed.dir/build.make CMakeFiles/cmTC_769ed.dir/build
make[4]: Entering directory '/cygdrive/c/Users/jonat/OneDrive/Documents/CMEA/project2_handout/2d-FD-porous/build/Eigen-prefix/src/Eigen-build/CMakeFiles/CMakeTmp'
Building CXX object CMakeFiles/cmTC_769ed.dir/src.cxx.o
/usr/bin/c++.exe -DCOMPILER_SUPPORT_Qunusedarguments  -std=c++03 -pedantic -Wall -Wextra -Wundef -Wcast-align -Wchar-subscripts -Wnon-virtual-dtor -Wunused-local-typedefs -Wpointer-arith -Wwrite-strings -Wformat-security -Wlogical-op -Wenum-conversion -Wdouble-promotion -Wno-psabi -Wno-variadic-macros -Wno-long-long -fno-check-new -fno-common -fstrict-aliasing -Werror   -Qunused-arguments -o CMakeFiles/cmTC_769ed.dir/src.cxx.o -c /cygdrive/c/Users/jonat/OneDrive/Documents/CMEA/project2_handout/2d-FD-porous/build/Eigen-prefix/src/Eigen-build/CMakeFiles/CMakeTmp/src.cxx
c++: error: unrecognized command-line option '-Qunused-arguments'
make[4]: *** [CMakeFiles/cmTC_769ed.dir/build.make:78: CMakeFiles/cmTC_769ed.dir/src.cxx.o] Error 1
make[4]: Leaving directory '/cygdrive/c/Users/jonat/OneDrive/Documents/CMEA/project2_handout/2d-FD-porous/build/Eigen-prefix/src/Eigen-build/CMakeFiles/CMakeTmp'
make[3]: *** [Makefile:127: cmTC_769ed/fast] Error 2
make[3]: Leaving directory '/cygdrive/c/Users/jonat/OneDrive/Documents/CMEA/project2_handout/2d-FD-porous/build/Eigen-prefix/src/Eigen-build/CMakeFiles/CMakeTmp'


Source file was:
int main() { return 0; }
The MPI test test_mpi for C in mode normal failed to compile with the following output:
Change Dir: /cygdrive/c/Users/jonat/OneDrive/Documents/CMEA/project2_handout/2d-FD-porous/build/Eigen-prefix/src/Eigen-build/CMakeFiles/CMakeTmp

Run Build Command(s):/usr/bin/make.exe -f Makefile cmTC_654b0/fast && make[3]: Verzeichnis „/cygdrive/c/Users/jonat/OneDrive/Documents/CMEA/project2_handout/2d-FD-porous/build/Eigen-prefix/src/Eigen-build/CMakeFiles/CMakeTmp“ wird betreten
/usr/bin/make  -f CMakeFiles/cmTC_654b0.dir/build.make CMakeFiles/cmTC_654b0.dir/build
make[4]: Verzeichnis „/cygdrive/c/Users/jonat/OneDrive/Documents/CMEA/project2_handout/2d-FD-porous/build/Eigen-prefix/src/Eigen-build/CMakeFiles/CMakeTmp“ wird betreten
Building C object CMakeFiles/cmTC_654b0.dir/test_mpi.c.o
/usr/bin/cc    -o CMakeFiles/cmTC_654b0.dir/test_mpi.c.o -c /usr/share/cmake-3.20.0/Modules/FindMPI/test_mpi.c
/usr/share/cmake-3.20.0/Modules/FindMPI/test_mpi.c:1:10: schwerwiegender Fehler: mpi.h: No such file or directory
    1 | #include <mpi.h>
      |          ^~~~~~~
Kompilierung beendet.
make[4]: *** [CMakeFiles/cmTC_654b0.dir/build.make:78: CMakeFiles/cmTC_654b0.dir/test_mpi.c.o] Fehler 1
make[4]: Verzeichnis „/cygdrive/c/Users/jonat/OneDrive/Documents/CMEA/project2_handout/2d-FD-porous/build/Eigen-prefix/src/Eigen-build/CMakeFiles/CMakeTmp“ wird verlassen
make[3]: *** [Makefile:127: cmTC_654b0/fast] Fehler 2
make[3]: Verzeichnis „/cygdrive/c/Users/jonat/OneDrive/Documents/CMEA/project2_handout/2d-FD-porous/build/Eigen-prefix/src/Eigen-build/CMakeFiles/CMakeTmp“ wird verlassen



The MPI test test_mpi for CXX in mode normal failed to compile with the following output:
Change Dir: /cygdrive/c/Users/jonat/OneDrive/Documents/CMEA/project2_handout/2d-FD-porous/build/Eigen-prefix/src/Eigen-build/CMakeFiles/CMakeTmp

Run Build Command(s):/usr/bin/make.exe -f Makefile cmTC_df2f4/fast && make[3]: Verzeichnis „/cygdrive/c/Users/jonat/OneDrive/Documents/CMEA/project2_handout/2d-FD-porous/build/Eigen-prefix/src/Eigen-build/CMakeFiles/CMakeTmp“ wird betreten
/usr/bin/make  -f CMakeFiles/cmTC_df2f4.dir/build.make CMakeFiles/cmTC_df2f4.dir/build
make[4]: Verzeichnis „/cygdrive/c/Users/jonat/OneDrive/Documents/CMEA/project2_handout/2d-FD-porous/build/Eigen-prefix/src/Eigen-build/CMakeFiles/CMakeTmp“ wird betreten
Building CXX object CMakeFiles/cmTC_df2f4.dir/test_mpi.cpp.o
/usr/bin/c++.exe   -std=c++03 -pedantic -Wall -Wextra -Wundef -Wcast-align -Wchar-subscripts -Wnon-virtual-dtor -Wunused-local-typedefs -Wpointer-arith -Wwrite-strings -Wformat-security -Wlogical-op -Wenum-conversion -Wdouble-promotion -Wno-psabi -Wno-variadic-macros -Wno-long-long -fno-check-new -fno-common -fstrict-aliasing -ansi  -o CMakeFiles/cmTC_df2f4.dir/test_mpi.cpp.o -c /cygdrive/c/Users/jonat/OneDrive/Documents/CMEA/project2_handout/2d-FD-porous/build/Eigen-prefix/src/Eigen-build/CMakeFiles/FindMPI/test_mpi.cpp
/cygdrive/c/Users/jonat/OneDrive/Documents/CMEA/project2_handout/2d-FD-porous/build/Eigen-prefix/src/Eigen-build/CMakeFiles/FindMPI/test_mpi.cpp:1:10: schwerwiegender Fehler: mpi.h: No such file or directory
    1 | #include <mpi.h>
      |          ^~~~~~~
Kompilierung beendet.
make[4]: *** [CMakeFiles/cmTC_df2f4.dir/build.make:78: CMakeFiles/cmTC_df2f4.dir/test_mpi.cpp.o] Fehler 1
make[4]: Verzeichnis „/cygdrive/c/Users/jonat/OneDrive/Documents/CMEA/project2_handout/2d-FD-porous/build/Eigen-prefix/src/Eigen-build/CMakeFiles/CMakeTmp“ wird verlassen
make[3]: *** [Makefile:127: cmTC_df2f4/fast] Fehler 2
make[3]: Verzeichnis „/cygdrive/c/Users/jonat/OneDrive/Documents/CMEA/project2_handout/2d-FD-porous/build/Eigen-prefix/src/Eigen-build/CMakeFiles/CMakeTmp“ wird verlassen



Performing C SOURCE FILE Test SCOTCH_Num_4 failed with the following compile output:
Change Dir: /cygdrive/c/Users/jonat/OneDrive/Documents/CMEA/project2_handout/2d-FD-porous/build/Eigen-prefix/src/Eigen-build/CMakeFiles/CMakeTmp

Run Build Command(s):/usr/bin/make.exe -f Makefile cmTC_42e4c/fast && make[3]: Verzeichnis „/cygdrive/c/Users/jonat/OneDrive/Documents/CMEA/project2_handout/2d-FD-porous/build/Eigen-prefix/src/Eigen-build/CMakeFiles/CMakeTmp“ wird betreten
/usr/bin/make  -f CMakeFiles/cmTC_42e4c.dir/build.make CMakeFiles/cmTC_42e4c.dir/build
make[4]: Verzeichnis „/cygdrive/c/Users/jonat/OneDrive/Documents/CMEA/project2_handout/2d-FD-porous/build/Eigen-prefix/src/Eigen-build/CMakeFiles/CMakeTmp“ wird betreten
Building C object CMakeFiles/cmTC_42e4c.dir/src.c.o
/usr/bin/cc -DSCOTCH_Num_4   -o CMakeFiles/cmTC_42e4c.dir/src.c.o -c /cygdrive/c/Users/jonat/OneDrive/Documents/CMEA/project2_handout/2d-FD-porous/build/Eigen-prefix/src/Eigen-build/CMakeFiles/CMakeTmp/src.c
/cygdrive/c/Users/jonat/OneDrive/Documents/CMEA/project2_handout/2d-FD-porous/build/Eigen-prefix/src/Eigen-build/CMakeFiles/CMakeTmp/src.c:4:10: schwerwiegender Fehler: scotch.h: No such file or directory
    4 | #include <scotch.h>
      |          ^~~~~~~~~~
Kompilierung beendet.
make[4]: *** [CMakeFiles/cmTC_42e4c.dir/build.make:78: CMakeFiles/cmTC_42e4c.dir/src.c.o] Fehler 1
make[4]: Verzeichnis „/cygdrive/c/Users/jonat/OneDrive/Documents/CMEA/project2_handout/2d-FD-porous/build/Eigen-prefix/src/Eigen-build/CMakeFiles/CMakeTmp“ wird verlassen
make[3]: *** [Makefile:127: cmTC_42e4c/fast] Fehler 2
make[3]: Verzeichnis „/cygdrive/c/Users/jonat/OneDrive/Documents/CMEA/project2_handout/2d-FD-porous/build/Eigen-prefix/src/Eigen-build/CMakeFiles/CMakeTmp“ wird verlassen


...and run output:

Return value: 1
Source file was:

#include <stdio.h>
#include <stdint.h>
#include <scotch.h>
int main(int argc, char **argv) {
  if (sizeof(SCOTCH_Num) == 4)
    return 0;
  else
    return 1;
}

Performing C SOURCE FILE Test SCOTCH_Num_8 failed with the following compile output:
Change Dir: /cygdrive/c/Users/jonat/OneDrive/Documents/CMEA/project2_handout/2d-FD-porous/build/Eigen-prefix/src/Eigen-build/CMakeFiles/CMakeTmp

Run Build Command(s):/usr/bin/make.exe -f Makefile cmTC_f1c10/fast && make[3]: Verzeichnis „/cygdrive/c/Users/jonat/OneDrive/Documents/CMEA/project2_handout/2d-FD-porous/build/Eigen-prefix/src/Eigen-build/CMakeFiles/CMakeTmp“ wird betreten
/usr/bin/make  -f CMakeFiles/cmTC_f1c10.dir/build.make CMakeFiles/cmTC_f1c10.dir/build
make[4]: Verzeichnis „/cygdrive/c/Users/jonat/OneDrive/Documents/CMEA/project2_handout/2d-FD-porous/build/Eigen-prefix/src/Eigen-build/CMakeFiles/CMakeTmp“ wird betreten
Building C object CMakeFiles/cmTC_f1c10.dir/src.c.o
/usr/bin/cc -DSCOTCH_Num_8   -o CMakeFiles/cmTC_f1c10.dir/src.c.o -c /cygdrive/c/Users/jonat/OneDrive/Documents/CMEA/project2_handout/2d-FD-porous/build/Eigen-prefix/src/Eigen-build/CMakeFiles/CMakeTmp/src.c
/cygdrive/c/Users/jonat/OneDrive/Documents/CMEA/project2_handout/2d-FD-porous/build/Eigen-prefix/src/Eigen-build/CMakeFiles/CMakeTmp/src.c:4:10: schwerwiegender Fehler: scotch.h: No such file or directory
    4 | #include <scotch.h>
      |          ^~~~~~~~~~
Kompilierung beendet.
make[4]: *** [CMakeFiles/cmTC_f1c10.dir/build.make:78: CMakeFiles/cmTC_f1c10.dir/src.c.o] Fehler 1
make[4]: Verzeichnis „/cygdrive/c/Users/jonat/OneDrive/Documents/CMEA/project2_handout/2d-FD-porous/build/Eigen-prefix/src/Eigen-build/CMakeFiles/CMakeTmp“ wird verlassen
make[3]: *** [Makefile:127: cmTC_f1c10/fast] Fehler 2
make[3]: Verzeichnis „/cygdrive/c/Users/jonat/OneDrive/Documents/CMEA/project2_handout/2d-FD-porous/build/Eigen-prefix/src/Eigen-build/CMakeFiles/CMakeTmp“ wird verlassen


...and run output:

Return value: 1
Source file was:

#include <stdio.h>
#include <stdint.h>
#include <scotch.h>
int main(int argc, char **argv) {
  if (sizeof(SCOTCH_Num) == 8)
    return 0;
  else
    return 1;
}

The MPI test test_mpi for C in mode normal failed to compile with the following output:
Change Dir: /cygdrive/c/Users/jonat/OneDrive/Documents/CMEA/project2_handout/2d-FD-porous/build/Eigen-prefix/src/Eigen-build/CMakeFiles/CMakeTmp

Run Build Command(s):/usr/bin/make.exe -f Makefile cmTC_63dc3/fast && make[3]: Verzeichnis „/cygdrive/c/Users/jonat/OneDrive/Documents/CMEA/project2_handout/2d-FD-porous/build/Eigen-prefix/src/Eigen-build/CMakeFiles/CMakeTmp“ wird betreten
/usr/bin/make  -f CMakeFiles/cmTC_63dc3.dir/build.make CMakeFiles/cmTC_63dc3.dir/build
make[4]: Verzeichnis „/cygdrive/c/Users/jonat/OneDrive/Documents/CMEA/project2_handout/2d-FD-porous/build/Eigen-prefix/src/Eigen-build/CMakeFiles/CMakeTmp“ wird betreten
Building C object CMakeFiles/cmTC_63dc3.dir/test_mpi.c.o
/usr/bin/cc    -o CMakeFiles/cmTC_63dc3.dir/test_mpi.c.o -c /usr/share/cmake-3.20.0/Modules/FindMPI/test_mpi.c
/usr/share/cmake-3.20.0/Modules/FindMPI/test_mpi.c:1:10: schwerwiegender Fehler: mpi.h: No such file or directory
    1 | #include <mpi.h>
      |          ^~~~~~~
Kompilierung beendet.
make[4]: *** [CMakeFiles/cmTC_63dc3.dir/build.make:78: CMakeFiles/cmTC_63dc3.dir/test_mpi.c.o] Fehler 1
make[4]: Verzeichnis „/cygdrive/c/Users/jonat/OneDrive/Documents/CMEA/project2_handout/2d-FD-porous/build/Eigen-prefix/src/Eigen-build/CMakeFiles/CMakeTmp“ wird verlassen
make[3]: *** [Makefile:127: cmTC_63dc3/fast] Fehler 2
make[3]: Verzeichnis „/cygdrive/c/Users/jonat/OneDrive/Documents/CMEA/project2_handout/2d-FD-porous/build/Eigen-prefix/src/Eigen-build/CMakeFiles/CMakeTmp“ wird verlassen



The MPI test test_mpi for CXX in mode normal failed to compile with the following output:
Change Dir: /cygdrive/c/Users/jonat/OneDrive/Documents/CMEA/project2_handout/2d-FD-porous/build/Eigen-prefix/src/Eigen-build/CMakeFiles/CMakeTmp

Run Build Command(s):/usr/bin/make.exe -f Makefile cmTC_bebb2/fast && make[3]: Verzeichnis „/cygdrive/c/Users/jonat/OneDrive/Documents/CMEA/project2_handout/2d-FD-porous/build/Eigen-prefix/src/Eigen-build/CMakeFiles/CMakeTmp“ wird betreten
/usr/bin/make  -f CMakeFiles/cmTC_bebb2.dir/build.make CMakeFiles/cmTC_bebb2.dir/build
make[4]: Verzeichnis „/cygdrive/c/Users/jonat/OneDrive/Documents/CMEA/project2_handout/2d-FD-porous/build/Eigen-prefix/src/Eigen-build/CMakeFiles/CMakeTmp“ wird betreten
Building CXX object CMakeFiles/cmTC_bebb2.dir/test_mpi.cpp.o
/usr/bin/c++.exe   -std=c++03 -pedantic -Wall -Wextra -Wundef -Wcast-align -Wchar-subscripts -Wnon-virtual-dtor -Wunused-local-typedefs -Wpointer-arith -Wwrite-strings -Wformat-security -Wlogical-op -Wenum-conversion -Wdouble-promotion -Wno-psabi -Wno-variadic-macros -Wno-long-long -fno-check-new -fno-common -fstrict-aliasing -ansi  -o CMakeFiles/cmTC_bebb2.dir/test_mpi.cpp.o -c /cygdrive/c/Users/jonat/OneDrive/Documents/CMEA/project2_handout/2d-FD-porous/build/Eigen-prefix/src/Eigen-build/CMakeFiles/FindMPI/test_mpi.cpp
/cygdrive/c/Users/jonat/OneDrive/Documents/CMEA/project2_handout/2d-FD-porous/build/Eigen-prefix/src/Eigen-build/CMakeFiles/FindMPI/test_mpi.cpp:1:10: schwerwiegender Fehler: mpi.h: No such file or directory
    1 | #include <mpi.h>
      |          ^~~~~~~
Kompilierung beendet.
make[4]: *** [CMakeFiles/cmTC_bebb2.dir/build.make:78: CMakeFiles/cmTC_bebb2.dir/test_mpi.cpp.o] Fehler 1
make[4]: Verzeichnis „/cygdrive/c/Users/jonat/OneDrive/Documents/CMEA/project2_handout/2d-FD-porous/build/Eigen-prefix/src/Eigen-build/CMakeFiles/CMakeTmp“ wird verlassen
make[3]: *** [Makefile:127: cmTC_bebb2/fast] Fehler 2
make[3]: Verzeichnis „/cygdrive/c/Users/jonat/OneDrive/Documents/CMEA/project2_handout/2d-FD-porous/build/Eigen-prefix/src/Eigen-build/CMakeFiles/CMakeTmp“ wird verlassen



Performing C SOURCE FILE Test PTSCOTCH_Num_4 failed with the following compile output:
Change Dir: /cygdrive/c/Users/jonat/OneDrive/Documents/CMEA/project2_handout/2d-FD-porous/build/Eigen-prefix/src/Eigen-build/CMakeFiles/CMakeTmp

Run Build Command(s):/usr/bin/make.exe -f Makefile cmTC_9ff44/fast && make[3]: Verzeichnis „/cygdrive/c/Users/jonat/OneDrive/Documents/CMEA/project2_handout/2d-FD-porous/build/Eigen-prefix/src/Eigen-build/CMakeFiles/CMakeTmp“ wird betreten
/usr/bin/make  -f CMakeFiles/cmTC_9ff44.dir/build.make CMakeFiles/cmTC_9ff44.dir/build
make[4]: Verzeichnis „/cygdrive/c/Users/jonat/OneDrive/Documents/CMEA/project2_handout/2d-FD-porous/build/Eigen-prefix/src/Eigen-build/CMakeFiles/CMakeTmp“ wird betreten
Building C object CMakeFiles/cmTC_9ff44.dir/src.c.o
/usr/bin/cc -DPTSCOTCH_Num_4   -o CMakeFiles/cmTC_9ff44.dir/src.c.o -c /cygdrive/c/Users/jonat/OneDrive/Documents/CMEA/project2_handout/2d-FD-porous/build/Eigen-prefix/src/Eigen-build/CMakeFiles/CMakeTmp/src.c
/cygdrive/c/Users/jonat/OneDrive/Documents/CMEA/project2_handout/2d-FD-porous/build/Eigen-prefix/src/Eigen-build/CMakeFiles/CMakeTmp/src.c:4:10: schwerwiegender Fehler: ptscotch.h: No such file or directory
    4 | #include <ptscotch.h>
      |          ^~~~~~~~~~~~
Kompilierung beendet.
make[4]: *** [CMakeFiles/cmTC_9ff44.dir/build.make:78: CMakeFiles/cmTC_9ff44.dir/src.c.o] Fehler 1
make[4]: Verzeichnis „/cygdrive/c/Users/jonat/OneDrive/Documents/CMEA/project2_handout/2d-FD-porous/build/Eigen-prefix/src/Eigen-build/CMakeFiles/CMakeTmp“ wird verlassen
make[3]: *** [Makefile:127: cmTC_9ff44/fast] Fehler 2
make[3]: Verzeichnis „/cygdrive/c/Users/jonat/OneDrive/Documents/CMEA/project2_handout/2d-FD-porous/build/Eigen-prefix/src/Eigen-build/CMakeFiles/CMakeTmp“ wird verlassen


...and run output:

Return value: 1
Source file was:

#include <stdio.h>
#include <stdint.h>
#include <ptscotch.h>
int main(int argc, char **argv) {
  if (sizeof(SCOTCH_Num) == 4)
    return 0;
  else
    return 1;
}

Performing C SOURCE FILE Test PTSCOTCH_Num_8 failed with the following compile output:
Change Dir: /cygdrive/c/Users/jonat/OneDrive/Documents/CMEA/project2_handout/2d-FD-porous/build/Eigen-prefix/src/Eigen-build/CMakeFiles/CMakeTmp

Run Build Command(s):/usr/bin/make.exe -f Makefile cmTC_283be/fast && make[3]: Verzeichnis „/cygdrive/c/Users/jonat/OneDrive/Documents/CMEA/project2_handout/2d-FD-porous/build/Eigen-prefix/src/Eigen-build/CMakeFiles/CMakeTmp“ wird betreten
/usr/bin/make  -f CMakeFiles/cmTC_283be.dir/build.make CMakeFiles/cmTC_283be.dir/build
make[4]: Verzeichnis „/cygdrive/c/Users/jonat/OneDrive/Documents/CMEA/project2_handout/2d-FD-porous/build/Eigen-prefix/src/Eigen-build/CMakeFiles/CMakeTmp“ wird betreten
Building C object CMakeFiles/cmTC_283be.dir/src.c.o
/usr/bin/cc -DPTSCOTCH_Num_8   -o CMakeFiles/cmTC_283be.dir/src.c.o -c /cygdrive/c/Users/jonat/OneDrive/Documents/CMEA/project2_handout/2d-FD-porous/build/Eigen-prefix/src/Eigen-build/CMakeFiles/CMakeTmp/src.c
/cygdrive/c/Users/jonat/OneDrive/Documents/CMEA/project2_handout/2d-FD-porous/build/Eigen-prefix/src/Eigen-build/CMakeFiles/CMakeTmp/src.c:4:10: schwerwiegender Fehler: ptscotch.h: No such file or directory
    4 | #include <ptscotch.h>
      |          ^~~~~~~~~~~~
Kompilierung beendet.
make[4]: *** [CMakeFiles/cmTC_283be.dir/build.make:78: CMakeFiles/cmTC_283be.dir/src.c.o] Fehler 1
make[4]: Verzeichnis „/cygdrive/c/Users/jonat/OneDrive/Documents/CMEA/project2_handout/2d-FD-porous/build/Eigen-prefix/src/Eigen-build/CMakeFiles/CMakeTmp“ wird verlassen
make[3]: *** [Makefile:127: cmTC_283be/fast] Fehler 2
make[3]: Verzeichnis „/cygdrive/c/Users/jonat/OneDrive/Documents/CMEA/project2_handout/2d-FD-porous/build/Eigen-prefix/src/Eigen-build/CMakeFiles/CMakeTmp“ wird verlassen


...and run output:

Return value: 1
Source file was:

#include <stdio.h>
#include <stdint.h>
#include <ptscotch.h>
int main(int argc, char **argv) {
  if (sizeof(SCOTCH_Num) == 8)
    return 0;
  else
    return 1;
}

The MPI test test_mpi for C in mode normal failed to compile with the following output:
Change Dir: /cygdrive/c/Users/jonat/OneDrive/Documents/CMEA/project2_handout/2d-FD-porous/build/Eigen-prefix/src/Eigen-build/CMakeFiles/CMakeTmp

Run Build Command(s):/usr/bin/make.exe -f Makefile cmTC_5cc95/fast && make[3]: Verzeichnis „/cygdrive/c/Users/jonat/OneDrive/Documents/CMEA/project2_handout/2d-FD-porous/build/Eigen-prefix/src/Eigen-build/CMakeFiles/CMakeTmp“ wird betreten
/usr/bin/make  -f CMakeFiles/cmTC_5cc95.dir/build.make CMakeFiles/cmTC_5cc95.dir/build
make[4]: Verzeichnis „/cygdrive/c/Users/jonat/OneDrive/Documents/CMEA/project2_handout/2d-FD-porous/build/Eigen-prefix/src/Eigen-build/CMakeFiles/CMakeTmp“ wird betreten
Building C object CMakeFiles/cmTC_5cc95.dir/test_mpi.c.o
/usr/bin/cc    -o CMakeFiles/cmTC_5cc95.dir/test_mpi.c.o -c /usr/share/cmake-3.20.0/Modules/FindMPI/test_mpi.c
/usr/share/cmake-3.20.0/Modules/FindMPI/test_mpi.c:1:10: schwerwiegender Fehler: mpi.h: No such file or directory
    1 | #include <mpi.h>
      |          ^~~~~~~
Kompilierung beendet.
make[4]: *** [CMakeFiles/cmTC_5cc95.dir/build.make:78: CMakeFiles/cmTC_5cc95.dir/test_mpi.c.o] Fehler 1
make[4]: Verzeichnis „/cygdrive/c/Users/jonat/OneDrive/Documents/CMEA/project2_handout/2d-FD-porous/build/Eigen-prefix/src/Eigen-build/CMakeFiles/CMakeTmp“ wird verlassen
make[3]: *** [Makefile:127: cmTC_5cc95/fast] Fehler 2
make[3]: Verzeichnis „/cygdrive/c/Users/jonat/OneDrive/Documents/CMEA/project2_handout/2d-FD-porous/build/Eigen-prefix/src/Eigen-build/CMakeFiles/CMakeTmp“ wird verlassen



The MPI test test_mpi for CXX in mode normal failed to compile with the following output:
Change Dir: /cygdrive/c/Users/jonat/OneDrive/Documents/CMEA/project2_handout/2d-FD-porous/build/Eigen-prefix/src/Eigen-build/CMakeFiles/CMakeTmp

Run Build Command(s):/usr/bin/make.exe -f Makefile cmTC_36d6a/fast && make[3]: Verzeichnis „/cygdrive/c/Users/jonat/OneDrive/Documents/CMEA/project2_handout/2d-FD-porous/build/Eigen-prefix/src/Eigen-build/CMakeFiles/CMakeTmp“ wird betreten
/usr/bin/make  -f CMakeFiles/cmTC_36d6a.dir/build.make CMakeFiles/cmTC_36d6a.dir/build
make[4]: Verzeichnis „/cygdrive/c/Users/jonat/OneDrive/Documents/CMEA/project2_handout/2d-FD-porous/build/Eigen-prefix/src/Eigen-build/CMakeFiles/CMakeTmp“ wird betreten
Building CXX object CMakeFiles/cmTC_36d6a.dir/test_mpi.cpp.o
/usr/bin/c++.exe   -std=c++03 -pedantic -Wall -Wextra -Wundef -Wcast-align -Wchar-subscripts -Wnon-virtual-dtor -Wunused-local-typedefs -Wpointer-arith -Wwrite-strings -Wformat-security -Wlogical-op -Wenum-conversion -Wdouble-promotion -Wno-psabi -Wno-variadic-macros -Wno-long-long -fno-check-new -fno-common -fstrict-aliasing -ansi  -o CMakeFiles/cmTC_36d6a.dir/test_mpi.cpp.o -c /cygdrive/c/Users/jonat/OneDrive/Documents/CMEA/project2_handout/2d-FD-porous/build/Eigen-prefix/src/Eigen-build/CMakeFiles/FindMPI/test_mpi.cpp
/cygdrive/c/Users/jonat/OneDrive/Documents/CMEA/project2_handout/2d-FD-porous/build/Eigen-prefix/src/Eigen-build/CMakeFiles/FindMPI/test_mpi.cpp:1:10: schwerwiegender Fehler: mpi.h: No such file or directory
    1 | #include <mpi.h>
      |          ^~~~~~~
Kompilierung beendet.
make[4]: *** [CMakeFiles/cmTC_36d6a.dir/build.make:78: CMakeFiles/cmTC_36d6a.dir/test_mpi.cpp.o] Fehler 1
make[4]: Verzeichnis „/cygdrive/c/Users/jonat/OneDrive/Documents/CMEA/project2_handout/2d-FD-porous/build/Eigen-prefix/src/Eigen-build/CMakeFiles/CMakeTmp“ wird verlassen
make[3]: *** [Makefile:127: cmTC_36d6a/fast] Fehler 2
make[3]: Verzeichnis „/cygdrive/c/Users/jonat/OneDrive/Documents/CMEA/project2_handout/2d-FD-porous/build/Eigen-prefix/src/Eigen-build/CMakeFiles/CMakeTmp“ wird verlassen



The MPI test test_mpi for C in mode normal failed to compile with the following output:
Change Dir: /cygdrive/c/Users/jonat/OneDrive/Documents/CMEA/project2_handout/2d-FD-porous/build/Eigen-prefix/src/Eigen-build/CMakeFiles/CMakeTmp

Run Build Command(s):/usr/bin/make.exe -f Makefile cmTC_aaad2/fast && make[3]: Verzeichnis „/cygdrive/c/Users/jonat/OneDrive/Documents/CMEA/project2_handout/2d-FD-porous/build/Eigen-prefix/src/Eigen-build/CMakeFiles/CMakeTmp“ wird betreten
/usr/bin/make  -f CMakeFiles/cmTC_aaad2.dir/build.make CMakeFiles/cmTC_aaad2.dir/build
make[4]: Verzeichnis „/cygdrive/c/Users/jonat/OneDrive/Documents/CMEA/project2_handout/2d-FD-porous/build/Eigen-prefix/src/Eigen-build/CMakeFiles/CMakeTmp“ wird betreten
Building C object CMakeFiles/cmTC_aaad2.dir/test_mpi.c.o
/usr/bin/cc    -o CMakeFiles/cmTC_aaad2.dir/test_mpi.c.o -c /usr/share/cmake-3.20.0/Modules/FindMPI/test_mpi.c
/usr/share/cmake-3.20.0/Modules/FindMPI/test_mpi.c:1:10: schwerwiegender Fehler: mpi.h: No such file or directory
    1 | #include <mpi.h>
      |          ^~~~~~~
Kompilierung beendet.
make[4]: *** [CMakeFiles/cmTC_aaad2.dir/build.make:78: CMakeFiles/cmTC_aaad2.dir/test_mpi.c.o] Fehler 1
make[4]: Verzeichnis „/cygdrive/c/Users/jonat/OneDrive/Documents/CMEA/project2_handout/2d-FD-porous/build/Eigen-prefix/src/Eigen-build/CMakeFiles/CMakeTmp“ wird verlassen
make[3]: *** [Makefile:127: cmTC_aaad2/fast] Fehler 2
make[3]: Verzeichnis „/cygdrive/c/Users/jonat/OneDrive/Documents/CMEA/project2_handout/2d-FD-porous/build/Eigen-prefix/src/Eigen-build/CMakeFiles/CMakeTmp“ wird verlassen



The MPI test test_mpi for CXX in mode normal failed to compile with the following output:
Change Dir: /cygdrive/c/Users/jonat/OneDrive/Documents/CMEA/project2_handout/2d-FD-porous/build/Eigen-prefix/src/Eigen-build/CMakeFiles/CMakeTmp

Run Build Command(s):/usr/bin/make.exe -f Makefile cmTC_c59a8/fast && make[3]: Verzeichnis „/cygdrive/c/Users/jonat/OneDrive/Documents/CMEA/project2_handout/2d-FD-porous/build/Eigen-prefix/src/Eigen-build/CMakeFiles/CMakeTmp“ wird betreten
/usr/bin/make  -f CMakeFiles/cmTC_c59a8.dir/build.make CMakeFiles/cmTC_c59a8.dir/build
make[4]: Verzeichnis „/cygdrive/c/Users/jonat/OneDrive/Documents/CMEA/project2_handout/2d-FD-porous/build/Eigen-prefix/src/Eigen-build/CMakeFiles/CMakeTmp“ wird betreten
Building CXX object CMakeFiles/cmTC_c59a8.dir/test_mpi.cpp.o
/usr/bin/c++.exe   -std=c++03 -pedantic -Wall -Wextra -Wundef -Wcast-align -Wchar-subscripts -Wnon-virtual-dtor -Wunused-local-typedefs -Wpointer-arith -Wwrite-strings -Wformat-security -Wlogical-op -Wenum-conversion -Wdouble-promotion -Wno-psabi -Wno-variadic-macros -Wno-long-long -fno-check-new -fno-common -fstrict-aliasing -ansi  -o CMakeFiles/cmTC_c59a8.dir/test_mpi.cpp.o -c /cygdrive/c/Users/jonat/OneDrive/Documents/CMEA/project2_handout/2d-FD-porous/build/Eigen-prefix/src/Eigen-build/CMakeFiles/FindMPI/test_mpi.cpp
/cygdrive/c/Users/jonat/OneDrive/Documents/CMEA/project2_handout/2d-FD-porous/build/Eigen-prefix/src/Eigen-build/CMakeFiles/FindMPI/test_mpi.cpp:1:10: schwerwiegender Fehler: mpi.h: No such file or directory
    1 | #include <mpi.h>
      |          ^~~~~~~
Kompilierung beendet.
make[4]: *** [CMakeFiles/cmTC_c59a8.dir/build.make:78: CMakeFiles/cmTC_c59a8.dir/test_mpi.cpp.o] Fehler 1
make[4]: Verzeichnis „/cygdrive/c/Users/jonat/OneDrive/Documents/CMEA/project2_handout/2d-FD-porous/build/Eigen-prefix/src/Eigen-build/CMakeFiles/CMakeTmp“ wird verlassen
make[3]: *** [Makefile:127: cmTC_c59a8/fast] Fehler 2
make[3]: Verzeichnis „/cygdrive/c/Users/jonat/OneDrive/Documents/CMEA/project2_handout/2d-FD-porous/build/Eigen-prefix/src/Eigen-build/CMakeFiles/CMakeTmp“ wird verlassen



